<?xml version="1.0" encoding="UTF-8"?>
<!-- Generated by org.testng.reporters.JUnitReportReporter -->
<testsuite hostname="DESKTOP-B3DSMUR" failures="0" tests="1" name="ExtentReport.ToAddScreenshotIntoReport" time="11.343" errors="0" timestamp="2025-01-22T11:47:48 IST" skipped="0">
  <testcase classname="ExtentReport.ToAddScreenshotIntoReport" name="addScreenshot" time="11.343"/>
  <system-out/>
</testsuite> <!-- ExtentReport.ToAddScreenshotIntoReport -->
