<?xml version="1.0" encoding="UTF-8"?>
<!-- Generated by org.testng.reporters.JUnitReportReporter -->
<testsuite hostname="DESKTOP-B3DSMUR" failures="0" tests="1" name="ExtentReport.ToLearnExtentReport" time="1.303" errors="0" timestamp="2025-01-22T11:13:28 IST" skipped="0">
  <testcase classname="ExtentReport.ToLearnExtentReport" name="createReport" time="1.303"/>
  <system-out/>
</testsuite> <!-- ExtentReport.ToLearnExtentReport -->
