<?xml version="1.0" encoding="UTF-8"?>
<!-- Generated by org.testng.reporters.JUnitReportReporter -->
<testsuite hostname="DESKTOP-B3DSMUR" failures="0" tests="1" name="Companies.AmazonTest" time="14.464" errors="0" timestamp="2025-01-22T11:15:54 IST" skipped="0">
  <testcase classname="Companies.AmazonTest" name="launch" time="14.464"/>
  <system-out>
    <![CDATA[successfuly launched]]>
  </system-out>
</testsuite> <!-- Companies.AmazonTest -->
